<?xml version="1.0" encoding="UTF-8"?>
<coverage generated="1700307018882" clover="3.2.0">
  <project timestamp="1700307018882" name="All files">
    <metrics statements="20" coveredstatements="18" conditionals="4" coveredconditionals="4" methods="7" coveredmethods="6" elements="31" coveredelements="28" complexity="0" loc="20" ncloc="20" packages="1" files="1" classes="1"/>
    <file name="taskFunctions.js" path="C:\Users\HP\Desktop\Todo-list\src\module\taskFunctions.js">
      <metrics statements="20" coveredstatements="18" conditionals="4" coveredconditionals="4" methods="7" coveredmethods="6"/>
      <line num="3" count="1" type="cond" truecount="2" falsecount="0"/>
      <line num="5" count="1" type="stmt"/>
      <line num="6" count="2" type="stmt"/>
      <line num="9" count="1" type="stmt"/>
      <line num="10" count="1" type="stmt"/>
      <line num="11" count="1" type="stmt"/>
      <line num="15" count="1" type="stmt"/>
      <line num="16" count="1" type="stmt"/>
      <line num="17" count="1" type="stmt"/>
      <line num="18" count="1" type="stmt"/>
      <line num="20" count="1" type="stmt"/>
      <line num="21" count="1" type="stmt"/>
      <line num="24" count="1" type="stmt"/>
      <line num="25" count="0" type="stmt"/>
      <line num="26" count="0" type="stmt"/>
      <line num="29" count="1" type="stmt"/>
      <line num="30" count="2" type="cond" truecount="2" falsecount="0"/>
      <line num="31" count="1" type="stmt"/>
      <line num="36" count="1" type="stmt"/>
      <line num="37" count="1" type="stmt"/>
    </file>
  </project>
</coverage>
